{"level":"info","message":"Express server listening on port 8080","timestamp":"2017-05-02T13:37:36.217Z"}
{"level":"info","message":"Connected to MongoDB!","timestamp":"2017-05-02T13:37:36.248Z"}
{"level":"info","message":"Connected to MySQL!","timestamp":"2017-05-02T13:37:36.275Z"}
{"level":"info","message":"Express server listening on port 8080","timestamp":"2017-05-02T13:37:59.115Z"}
{"level":"info","message":"Connected to MongoDB!","timestamp":"2017-05-02T13:37:59.156Z"}
{"level":"info","message":"Connected to MySQL!","timestamp":"2017-05-02T13:37:59.178Z"}
{"level":"info","message":"Express server listening on port 8080","timestamp":"2017-05-02T13:38:03.647Z"}
{"level":"info","message":"Connected to MongoDB!","timestamp":"2017-05-02T13:38:03.685Z"}
{"level":"info","message":"Connected to MySQL!","timestamp":"2017-05-02T13:38:03.705Z"}
{"level":"info","message":"Express server listening on port 8080","timestamp":"2017-05-02T14:08:45.924Z"}
{"level":"info","message":"Connected to MongoDB!","timestamp":"2017-05-02T14:08:45.973Z"}
{"level":"info","message":"Connected to MySQL!","timestamp":"2017-05-02T14:08:46.030Z"}
{"level":"info","message":"Express server listening on port 8080","timestamp":"2017-05-02T14:10:31.767Z"}
{"level":"info","message":"Connected to MongoDB!","timestamp":"2017-05-02T14:10:31.804Z"}
{"level":"info","message":"Connected to MySQL!","timestamp":"2017-05-02T14:10:31.830Z"}
{"level":"info","message":"Express server listening on port 8080","timestamp":"2017-05-02T14:11:07.239Z"}
{"level":"info","message":"Connected to MongoDB!","timestamp":"2017-05-02T14:11:07.280Z"}
{"level":"info","message":"Connected to MySQL!","timestamp":"2017-05-02T14:11:07.303Z"}
{"level":"info","message":"Express server listening on port 8080","timestamp":"2017-05-02T14:36:07.885Z"}
{"level":"info","message":"Connected to MongoDB!","timestamp":"2017-05-02T14:36:07.970Z"}
{"level":"info","message":"Connected to MySQL!","timestamp":"2017-05-02T14:36:08.025Z"}
{"level":"info","message":"Express server listening on port 8080","timestamp":"2017-05-02T14:36:16.393Z"}
{"level":"info","message":"Connected to MongoDB!","timestamp":"2017-05-02T14:36:16.425Z"}
{"level":"info","message":"Connected to MySQL!","timestamp":"2017-05-02T14:36:16.446Z"}
{"level":"info","message":"Express server listening on port 8080","timestamp":"2017-05-02T14:38:33.513Z"}
{"level":"info","message":"Connected to MongoDB!","timestamp":"2017-05-02T14:38:33.546Z"}
{"level":"info","message":"Connected to MySQL!","timestamp":"2017-05-02T14:38:33.570Z"}
{"level":"info","message":"Express server listening on port 8080","timestamp":"2017-05-02T19:36:39.162Z"}
{"level":"info","message":"Connected to MongoDB!","timestamp":"2017-05-02T19:36:39.238Z"}
{"level":"info","message":"Connected to MySQL!","timestamp":"2017-05-02T19:36:39.368Z"}
{"level":"info","message":"Express server listening on port 8080","timestamp":"2017-05-03T17:00:41.951Z"}
{"level":"info","message":"Connected to MySQL!","timestamp":"2017-05-03T17:00:42.024Z"}
{"level":"info","message":"Connected to MongoDB!","timestamp":"2017-05-03T17:00:42.351Z"}
{"level":"info","message":"Express server listening on port 8080","timestamp":"2017-05-03T17:58:01.629Z"}
{"level":"info","message":"Connected to MongoDB!","timestamp":"2017-05-03T17:58:01.663Z"}
{"level":"info","message":"Connected to MySQL!","timestamp":"2017-05-03T17:58:01.687Z"}
{"level":"info","message":"Express server listening on port 8080","timestamp":"2017-05-03T18:05:19.694Z"}
{"level":"info","message":"Connected to MongoDB!","timestamp":"2017-05-03T18:05:19.761Z"}
{"level":"info","message":"Connected to MySQL!","timestamp":"2017-05-03T18:05:19.784Z"}
{"level":"info","message":"Express server listening on port 8080","timestamp":"2017-05-03T18:16:11.721Z"}
{"level":"info","message":"Connected to MongoDB!","timestamp":"2017-05-03T18:16:11.754Z"}
{"level":"info","message":"Connected to MySQL!","timestamp":"2017-05-03T18:16:11.773Z"}
{"level":"info","message":"Express server listening on port 8080","timestamp":"2017-05-03T18:16:27.830Z"}
{"level":"info","message":"Connected to MongoDB!","timestamp":"2017-05-03T18:16:27.869Z"}
{"level":"info","message":"Connected to MySQL!","timestamp":"2017-05-03T18:16:27.889Z"}
{"level":"info","message":"Express server listening on port 8080","timestamp":"2017-05-03T18:16:42.572Z"}
{"level":"info","message":"Connected to MongoDB!","timestamp":"2017-05-03T18:16:42.603Z"}
{"level":"info","message":"Connected to MySQL!","timestamp":"2017-05-03T18:16:42.622Z"}
{"level":"info","message":"Express server listening on port 8080","timestamp":"2017-05-03T18:16:51.888Z"}
{"level":"info","message":"Connected to MongoDB!","timestamp":"2017-05-03T18:16:51.924Z"}
{"level":"info","message":"Connected to MySQL!","timestamp":"2017-05-03T18:16:51.945Z"}
{"level":"info","message":"Express server listening on port 8080","timestamp":"2017-05-03T18:17:47.265Z"}
{"level":"info","message":"Connected to MongoDB!","timestamp":"2017-05-03T18:17:47.295Z"}
{"level":"info","message":"Connected to MySQL!","timestamp":"2017-05-03T18:17:47.313Z"}
{"level":"info","message":"Express server listening on port 8080","timestamp":"2017-05-03T18:18:07.763Z"}
{"level":"info","message":"Connected to MongoDB!","timestamp":"2017-05-03T18:18:07.804Z"}
{"level":"info","message":"Connected to MySQL!","timestamp":"2017-05-03T18:18:07.824Z"}
{"level":"info","message":"Express server listening on port 8080","timestamp":"2017-05-03T18:20:42.819Z"}
{"level":"info","message":"Connected to MongoDB!","timestamp":"2017-05-03T18:20:42.853Z"}
{"level":"info","message":"Connected to MySQL!","timestamp":"2017-05-03T18:20:42.874Z"}
{"level":"info","message":"Express server listening on port 8080","timestamp":"2017-05-03T18:21:14.816Z"}
{"level":"info","message":"Connected to MongoDB!","timestamp":"2017-05-03T18:21:14.893Z"}
{"level":"info","message":"Connected to MySQL!","timestamp":"2017-05-03T18:21:14.928Z"}
{"level":"info","message":"Express server listening on port 8080","timestamp":"2017-05-03T18:30:19.225Z"}
{"level":"info","message":"Connected to MongoDB!","timestamp":"2017-05-03T18:30:19.260Z"}
{"level":"info","message":"Connected to MySQL!","timestamp":"2017-05-03T18:30:19.284Z"}
{"level":"info","message":"Express server listening on port 8080","timestamp":"2017-05-03T18:30:34.518Z"}
{"level":"info","message":"Connected to MongoDB!","timestamp":"2017-05-03T18:30:34.557Z"}
{"level":"info","message":"Connected to MySQL!","timestamp":"2017-05-03T18:30:34.580Z"}
{"level":"info","message":"Express server listening on port 8080","timestamp":"2017-05-03T18:34:35.254Z"}
{"level":"info","message":"Connected to MongoDB!","timestamp":"2017-05-03T18:34:35.296Z"}
{"level":"info","message":"Connected to MySQL!","timestamp":"2017-05-03T18:34:35.315Z"}
{"level":"info","message":"Express server listening on port 8080","timestamp":"2017-05-03T18:38:18.048Z"}
{"level":"info","message":"Connected to MongoDB!","timestamp":"2017-05-03T18:38:18.089Z"}
{"level":"info","message":"Connected to MySQL!","timestamp":"2017-05-03T18:38:18.108Z"}
{"level":"info","message":"Express server listening on port 8080","timestamp":"2017-05-03T19:44:18.569Z"}
{"level":"info","message":"Connected to MongoDB!","timestamp":"2017-05-03T19:44:18.603Z"}
{"level":"info","message":"Connected to MySQL!","timestamp":"2017-05-03T19:44:18.621Z"}
{"level":"info","message":"Express server listening on port 8080","timestamp":"2017-05-03T19:56:31.860Z"}
{"level":"info","message":"Connected to MongoDB!","timestamp":"2017-05-03T19:56:31.893Z"}
{"level":"info","message":"Connected to MySQL!","timestamp":"2017-05-03T19:56:31.911Z"}
{"level":"info","message":"Express server listening on port 8080","timestamp":"2017-05-03T20:17:24.816Z"}
{"level":"info","message":"Connected to MongoDB!","timestamp":"2017-05-03T20:17:24.851Z"}
{"level":"info","message":"Connected to MySQL!","timestamp":"2017-05-03T20:17:24.874Z"}
{"level":"info","message":"Express server listening on port 8080","timestamp":"2017-05-03T21:44:26.510Z"}
{"level":"info","message":"Connected to MongoDB!","timestamp":"2017-05-03T21:44:26.549Z"}
{"level":"info","message":"Connected to MySQL!","timestamp":"2017-05-03T21:44:26.597Z"}
{"level":"info","message":"Express server listening on port 8080","timestamp":"2017-05-04T10:05:58.130Z"}
{"level":"info","message":"Connected to MySQL!","timestamp":"2017-05-04T10:05:58.185Z"}
{"level":"info","message":"Connected to MongoDB!","timestamp":"2017-05-04T10:05:58.250Z"}
{"level":"error","message":"Internal error(404): Not Found","timestamp":"2017-05-04T10:07:35.721Z"}
{"level":"error","message":"Internal error(404): Not Found","timestamp":"2017-05-04T10:07:35.781Z"}
{"level":"error","message":"Internal error(404): Not Found","timestamp":"2017-05-04T10:07:45.228Z"}
{"level":"error","message":"Internal error(404): Not Found","timestamp":"2017-05-04T10:07:45.300Z"}
{"level":"error","message":"Internal error(404): Not Found","timestamp":"2017-05-04T10:07:48.410Z"}
{"level":"error","message":"Internal error(404): Not Found","timestamp":"2017-05-04T10:07:48.477Z"}
{"level":"error","message":"Internal error(404): Not Found","timestamp":"2017-05-04T10:24:41.093Z"}
{"level":"error","message":"Internal error(404): Not Found","timestamp":"2017-05-04T10:24:41.102Z"}
{"level":"error","message":"Internal error(404): Not Found","timestamp":"2017-05-04T10:24:41.105Z"}
{"level":"error","message":"Internal error(404): Not Found","timestamp":"2017-05-04T10:24:41.398Z"}
{"level":"error","message":"Internal error(404): Not Found","timestamp":"2017-05-04T10:24:41.399Z"}
{"level":"error","message":"Internal error(404): Not Found","timestamp":"2017-05-04T10:24:41.399Z"}
{"level":"error","message":"Internal error(404): Not Found","timestamp":"2017-05-04T10:24:41.400Z"}
{"level":"error","message":"Internal error(404): Not Found","timestamp":"2017-05-04T10:24:41.577Z"}
{"level":"error","message":"Internal error(500): Cannot read property 'oauth' of undefined","timestamp":"2017-05-04T10:25:57.753Z"}
{"level":"error","message":"Internal error(404): Not Found","timestamp":"2017-05-04T10:41:52.737Z"}
{"level":"error","message":"Internal error(404): Not Found","timestamp":"2017-05-04T10:41:52.835Z"}
{"level":"error","message":"Internal error(404): Not Found","timestamp":"2017-05-04T10:46:30.093Z"}
{"level":"error","message":"Internal error(404): Not Found","timestamp":"2017-05-04T10:46:30.221Z"}
{"level":"info","message":"Express server listening on port 8080","timestamp":"2017-05-04T11:20:21.424Z"}
{"level":"info","message":"Connected to MongoDB!","timestamp":"2017-05-04T11:20:21.458Z"}
{"level":"info","message":"Connected to MySQL!","timestamp":"2017-05-04T11:20:21.490Z"}
{"level":"info","message":"Express server listening on port 8080","timestamp":"2017-05-04T11:20:32.335Z"}
{"level":"info","message":"Connected to MongoDB!","timestamp":"2017-05-04T11:20:32.368Z"}
{"level":"info","message":"Connected to MySQL!","timestamp":"2017-05-04T11:20:32.387Z"}
{"level":"info","message":"Express server listening on port 8080","timestamp":"2017-05-04T11:23:08.223Z"}
{"level":"info","message":"Connected to MongoDB!","timestamp":"2017-05-04T11:23:08.257Z"}
{"level":"info","message":"Connected to MySQL!","timestamp":"2017-05-04T11:23:08.278Z"}
{"level":"info","message":"Express server listening on port 8080","timestamp":"2017-05-04T11:29:09.810Z"}
{"level":"info","message":"Connected to MongoDB!","timestamp":"2017-05-04T11:29:09.876Z"}
{"level":"info","message":"Connected to MySQL!","timestamp":"2017-05-04T11:29:09.941Z"}
{"level":"error","message":"Internal error(404): Not Found","timestamp":"2017-05-04T11:32:23.960Z"}
{"level":"error","message":"Internal error(404): Not Found","timestamp":"2017-05-04T11:32:24.048Z"}
{"level":"error","message":"Internal error(404): Not Found","timestamp":"2017-05-04T11:32:24.048Z"}
{"level":"error","message":"Internal error(404): Not Found","timestamp":"2017-05-04T11:32:24.049Z"}
{"level":"info","message":"Express server listening on port 8080","timestamp":"2017-05-04T11:49:02.142Z"}
{"level":"info","message":"Connected to MongoDB!","timestamp":"2017-05-04T11:49:02.235Z"}
{"level":"info","message":"Connected to MySQL!","timestamp":"2017-05-04T11:49:02.279Z"}
{"level":"info","message":"Express server listening on port 8080","timestamp":"2017-05-04T11:52:21.231Z"}
{"level":"info","message":"Connected to MongoDB!","timestamp":"2017-05-04T11:52:21.266Z"}
{"level":"info","message":"Connected to MySQL!","timestamp":"2017-05-04T11:52:21.295Z"}
{"level":"info","message":"Express server listening on port 8080","timestamp":"2017-05-04T17:48:32.706Z"}
{"level":"info","message":"Connected to MongoDB!","timestamp":"2017-05-04T17:48:32.734Z"}
{"level":"info","message":"Connected to MySQL!","timestamp":"2017-05-04T17:48:32.758Z"}
{"level":"info","message":"Express server listening on port 8080","timestamp":"2017-05-04T17:49:59.571Z"}
{"level":"info","message":"Connected to MongoDB!","timestamp":"2017-05-04T17:49:59.606Z"}
{"level":"info","message":"Connected to MySQL!","timestamp":"2017-05-04T17:49:59.632Z"}
{"level":"info","message":"Express server listening on port 8080","timestamp":"2017-05-04T17:54:02.505Z"}
{"level":"info","message":"Connected to MongoDB!","timestamp":"2017-05-04T17:54:02.546Z"}
{"level":"info","message":"Connected to MySQL!","timestamp":"2017-05-04T17:54:02.566Z"}
{"level":"info","message":"Express server listening on port 8080","timestamp":"2017-05-04T17:54:07.512Z"}
{"level":"info","message":"Connected to MongoDB!","timestamp":"2017-05-04T17:54:07.548Z"}
{"level":"info","message":"Connected to MySQL!","timestamp":"2017-05-04T17:54:07.577Z"}
{"level":"info","message":"Express server listening on port 8080","timestamp":"2017-05-04T17:55:51.648Z"}
{"level":"info","message":"Connected to MongoDB!","timestamp":"2017-05-04T17:55:51.682Z"}
{"level":"info","message":"Connected to MySQL!","timestamp":"2017-05-04T17:55:51.707Z"}
{"level":"info","message":"Express server listening on port 8080","timestamp":"2017-05-04T17:56:02.195Z"}
{"level":"info","message":"Connected to MongoDB!","timestamp":"2017-05-04T17:56:02.230Z"}
{"level":"info","message":"Connected to MySQL!","timestamp":"2017-05-04T17:56:02.257Z"}
{"level":"info","message":"Express server listening on port 8080","timestamp":"2017-05-04T17:56:48.217Z"}
{"level":"info","message":"Connected to MongoDB!","timestamp":"2017-05-04T17:56:48.255Z"}
{"level":"info","message":"Connected to MySQL!","timestamp":"2017-05-04T17:56:48.274Z"}
{"level":"info","message":"Express server listening on port 8080","timestamp":"2017-05-04T18:03:51.139Z"}
{"level":"info","message":"Connected to MongoDB!","timestamp":"2017-05-04T18:03:51.171Z"}
{"level":"info","message":"Connected to MySQL!","timestamp":"2017-05-04T18:03:51.192Z"}
{"level":"info","message":"Express server listening on port 8080","timestamp":"2017-05-04T18:12:13.843Z"}
{"level":"info","message":"Connected to MongoDB!","timestamp":"2017-05-04T18:12:13.876Z"}
{"level":"info","message":"Connected to MySQL!","timestamp":"2017-05-04T18:12:13.899Z"}
{"level":"info","message":"Express server listening on port 8080","timestamp":"2017-05-04T18:12:31.149Z"}
{"level":"info","message":"Connected to MongoDB!","timestamp":"2017-05-04T18:12:31.186Z"}
{"level":"info","message":"Connected to MySQL!","timestamp":"2017-05-04T18:12:31.211Z"}
{"level":"info","message":"Express server listening on port 8080","timestamp":"2017-05-04T18:33:43.902Z"}
{"level":"info","message":"Connected to MongoDB!","timestamp":"2017-05-04T18:33:43.948Z"}
{"level":"info","message":"Connected to MySQL!","timestamp":"2017-05-04T18:33:43.973Z"}
{"level":"error","message":"Internal error(404): Not Found","timestamp":"2017-05-04T19:32:53.635Z"}
{"level":"error","message":"Internal error(404): Not Found","timestamp":"2017-05-04T19:32:53.652Z"}
{"level":"error","message":"Internal error(404): Not Found","timestamp":"2017-05-04T19:32:54.029Z"}
{"level":"error","message":"Internal error(404): Not Found","timestamp":"2017-05-04T19:32:54.037Z"}
{"level":"info","message":"Express server listening on port 8080","timestamp":"2017-05-04T19:40:24.157Z"}
{"level":"info","message":"Connected to MySQL!","timestamp":"2017-05-04T19:40:24.218Z"}
{"level":"info","message":"Connected to MongoDB!","timestamp":"2017-05-04T19:40:24.225Z"}
{"level":"info","message":"Express server listening on port 8080","timestamp":"2017-05-04T19:41:10.807Z"}
{"level":"info","message":"Connected to MongoDB!","timestamp":"2017-05-04T19:41:10.837Z"}
{"level":"info","message":"Connected to MySQL!","timestamp":"2017-05-04T19:41:10.857Z"}
{"level":"info","message":"Express server listening on port 8080","timestamp":"2017-05-04T19:42:32.038Z"}
{"level":"info","message":"Connected to MongoDB!","timestamp":"2017-05-04T19:42:32.085Z"}
{"level":"info","message":"Connected to MySQL!","timestamp":"2017-05-04T19:42:32.105Z"}
{"level":"info","message":"Express server listening on port 8080","timestamp":"2017-05-04T19:42:40.098Z"}
{"level":"info","message":"Connected to MongoDB!","timestamp":"2017-05-04T19:42:40.130Z"}
{"level":"info","message":"Connected to MySQL!","timestamp":"2017-05-04T19:42:40.147Z"}
{"level":"info","message":"Express server listening on port 8080","timestamp":"2017-05-04T20:41:36.777Z"}
{"level":"info","message":"Connected to MongoDB!","timestamp":"2017-05-04T20:41:36.835Z"}
{"level":"info","message":"Connected to MySQL!","timestamp":"2017-05-04T20:41:36.909Z"}
{"level":"info","message":"Express server listening on port 8080","timestamp":"2017-05-04T20:41:47.280Z"}
{"level":"info","message":"Connected to MongoDB!","timestamp":"2017-05-04T20:41:47.331Z"}
{"level":"info","message":"Connected to MySQL!","timestamp":"2017-05-04T20:41:47.354Z"}
{"level":"info","message":"Express server listening on port 8080","timestamp":"2017-05-04T20:43:40.367Z"}
{"level":"info","message":"Connected to MongoDB!","timestamp":"2017-05-04T20:43:40.432Z"}
{"level":"info","message":"Connected to MySQL!","timestamp":"2017-05-04T20:43:40.452Z"}
{"level":"error","message":"Internal error(500): Cannot read property 'oauth' of undefined","timestamp":"2017-05-04T20:45:39.088Z"}
{"level":"error","message":"Internal error(500): Cannot read property 'oauth' of undefined","timestamp":"2017-05-04T20:45:44.989Z"}
{"level":"error","message":"Internal error(500): Cannot read property 'oauth' of undefined","timestamp":"2017-05-04T20:45:49.124Z"}
{"level":"error","message":"Internal error(500): Cannot read property 'oauth' of undefined","timestamp":"2017-05-04T20:47:09.048Z"}
{"level":"info","message":"Express server listening on port 8080","timestamp":"2017-05-04T20:58:26.001Z"}
{"level":"info","message":"Connected to MongoDB!","timestamp":"2017-05-04T20:58:26.037Z"}
{"level":"info","message":"Connected to MySQL!","timestamp":"2017-05-04T20:58:26.059Z"}
{"level":"error","message":"Internal error(500): Cannot read property 'oauth' of undefined","timestamp":"2017-05-04T20:59:11.514Z"}
{"level":"error","message":"Internal error(500): Cannot read property 'oauth' of undefined","timestamp":"2017-05-04T20:59:13.026Z"}
{"level":"info","message":"Express server listening on port 8080","timestamp":"2017-05-04T21:20:39.759Z"}
{"level":"info","message":"Connected to MongoDB!","timestamp":"2017-05-04T21:20:39.792Z"}
{"level":"info","message":"Connected to MySQL!","timestamp":"2017-05-04T21:20:39.812Z"}
{"level":"info","message":"Express server listening on port 8080","timestamp":"2017-05-05T10:24:42.636Z"}
{"level":"info","message":"Connected to MongoDB!","timestamp":"2017-05-05T10:24:42.684Z"}
{"level":"info","message":"Connected to MySQL!","timestamp":"2017-05-05T10:24:42.691Z"}
{"level":"info","message":"Express server listening on port 8080","timestamp":"2017-05-05T11:32:48.485Z"}
{"level":"info","message":"Connected to MongoDB!","timestamp":"2017-05-05T11:32:48.535Z"}
{"level":"info","message":"Connected to MySQL!","timestamp":"2017-05-05T11:32:48.585Z"}
{"level":"info","message":"Express server listening on port 8080","timestamp":"2017-05-05T11:33:33.142Z"}
{"level":"info","message":"Connected to MongoDB!","timestamp":"2017-05-05T11:33:33.179Z"}
{"level":"info","message":"Connected to MySQL!","timestamp":"2017-05-05T11:33:33.197Z"}
{"level":"info","message":"Express server listening on port 8080","timestamp":"2017-05-05T14:46:37.892Z"}
{"level":"info","message":"Connected to MongoDB!","timestamp":"2017-05-05T14:46:37.940Z"}
{"level":"info","message":"Connected to MySQL!","timestamp":"2017-05-05T14:46:37.976Z"}
{"level":"info","message":"Express server listening on port 8080","timestamp":"2017-05-05T15:20:39.149Z"}
{"level":"info","message":"Connected to MongoDB!","timestamp":"2017-05-05T15:20:39.184Z"}
{"level":"info","message":"Connected to MySQL!","timestamp":"2017-05-05T15:20:39.219Z"}
{"level":"info","message":"Express server listening on port 8080","timestamp":"2017-05-05T15:20:49.758Z"}
{"level":"info","message":"Connected to MongoDB!","timestamp":"2017-05-05T15:20:49.797Z"}
{"level":"info","message":"Connected to MySQL!","timestamp":"2017-05-05T15:20:49.842Z"}
{"level":"info","message":"Express server listening on port 8080","timestamp":"2017-05-05T22:54:10.201Z"}
{"level":"info","message":"Connected to MongoDB!","timestamp":"2017-05-05T22:54:10.235Z"}
{"level":"info","message":"Connected to MySQL!","timestamp":"2017-05-05T22:54:10.262Z"}
{"level":"info","message":"Express server listening on port 8080","timestamp":"2017-05-05T23:00:12.763Z"}
{"level":"info","message":"Connected to MongoDB!","timestamp":"2017-05-05T23:00:12.795Z"}
{"level":"info","message":"Connected to MySQL!","timestamp":"2017-05-05T23:00:12.816Z"}
{"level":"info","message":"Express server listening on port 8080","timestamp":"2017-05-05T23:02:07.043Z"}
{"level":"info","message":"Connected to MongoDB!","timestamp":"2017-05-05T23:02:07.094Z"}
{"level":"info","message":"Connected to MySQL!","timestamp":"2017-05-05T23:02:07.125Z"}
{"level":"info","message":"Express server listening on port 8080","timestamp":"2017-05-05T23:02:45.099Z"}
{"level":"info","message":"Connected to MongoDB!","timestamp":"2017-05-05T23:02:45.130Z"}
{"level":"info","message":"Connected to MySQL!","timestamp":"2017-05-05T23:02:45.147Z"}
{"level":"info","message":"Express server listening on port 8080","timestamp":"2017-05-05T23:05:17.624Z"}
{"level":"info","message":"Connected to MongoDB!","timestamp":"2017-05-05T23:05:17.659Z"}
{"level":"info","message":"Connected to MySQL!","timestamp":"2017-05-05T23:05:17.677Z"}
{"level":"info","message":"Express server listening on port 8080","timestamp":"2017-05-05T23:15:19.694Z"}
{"level":"info","message":"Connected to MongoDB!","timestamp":"2017-05-05T23:15:19.743Z"}
{"level":"info","message":"Connected to MySQL!","timestamp":"2017-05-05T23:15:19.766Z"}
